0 info it worked if it ends with ok
1 verbose cli [ '/usr/local/bin/node',
1 verbose cli   '/usr/local/bin/npm',
1 verbose cli   'install',
1 verbose cli   'angular-resource@X.Y.Z' ]
2 info using npm@2.15.0
3 info using node@v4.4.2
4 verbose install initial load of /Users/etorres/f1/package.json
5 warn package.json f1@1.1.1 No repository field.
6 warn package.json f1@1.1.1 No README data
7 warn package.json f1@1.1.1 No license field.
8 verbose installManyTop reading scoped package data from /Users/etorres/f1/node_modules/angular-resource/package.json
9 verbose installManyTop reading scoped package data from /Users/etorres/f1/node_modules/bower/package.json
10 verbose installManyTop reading scoped package data from /Users/etorres/f1/node_modules/gulp/package.json
11 verbose installManyTop reading scoped package data from /Users/etorres/f1/node_modules/gulp-concat/package.json
12 verbose installManyTop reading scoped package data from /Users/etorres/f1/node_modules/gulp-minify-css/package.json
13 verbose installManyTop reading scoped package data from /Users/etorres/f1/node_modules/gulp-rename/package.json
14 verbose installManyTop reading scoped package data from /Users/etorres/f1/node_modules/gulp-sass/package.json
15 verbose installManyTop reading scoped package data from /Users/etorres/f1/node_modules/gulp-util/package.json
16 verbose installManyTop reading scoped package data from /Users/etorres/f1/node_modules/shelljs/package.json
17 info package.json shelljs@0.3.0 license should be a valid SPDX license expression
18 info package.json gulp-minify-css@0.3.13 No license field.
19 info package.json gulp-rename@1.2.2 No license field.
20 info package.json gulp-util@2.2.20 No license field.
21 verbose readDependencies loading dependencies from /Users/etorres/f1/package.json
22 silly cache add args [ 'angular-resource@X.Y.Z', null ]
23 verbose cache add spec angular-resource@X.Y.Z
24 silly cache add parsed spec Result {
24 silly cache add   raw: 'angular-resource@X.Y.Z',
24 silly cache add   scope: null,
24 silly cache add   name: 'angular-resource',
24 silly cache add   rawSpec: 'X.Y.Z',
24 silly cache add   spec: 'X.Y.Z',
24 silly cache add   type: 'tag' }
25 silly addNamed angular-resource@X.Y.Z
26 verbose addNamed "X.Y.Z" is being treated as a dist-tag for angular-resource
27 info addNameTag [ 'angular-resource', 'X.Y.Z' ]
28 silly mapToRegistry name angular-resource
29 silly mapToRegistry using default registry
30 silly mapToRegistry registry https://registry.npmjs.org/
31 silly mapToRegistry data Result {
31 silly mapToRegistry   raw: 'angular-resource',
31 silly mapToRegistry   scope: null,
31 silly mapToRegistry   name: 'angular-resource',
31 silly mapToRegistry   rawSpec: '',
31 silly mapToRegistry   spec: 'latest',
31 silly mapToRegistry   type: 'tag' }
32 silly mapToRegistry uri https://registry.npmjs.org/angular-resource
33 verbose addNameTag registry:https://registry.npmjs.org/angular-resource not in flight; fetching
34 verbose request uri https://registry.npmjs.org/angular-resource
35 verbose request no auth needed
36 info attempt registry request try #1 at 2:43:10 PM
37 verbose request id f6e2e9931efe2d5a
38 verbose etag "SPWVHCS4OFRQ05RPBB4QG098"
39 http request GET https://registry.npmjs.org/angular-resource
40 http 304 https://registry.npmjs.org/angular-resource
41 verbose headers { date: 'Tue, 26 Apr 2016 17:43:11 GMT',
41 verbose headers   via: '1.1 varnish',
41 verbose headers   'cache-control': 'max-age=300',
41 verbose headers   etag: '"SPWVHCS4OFRQ05RPBB4QG098"',
41 verbose headers   age: '54',
41 verbose headers   connection: 'keep-alive',
41 verbose headers   'x-served-by': 'cache-sjc3124-SJC',
41 verbose headers   'x-cache': 'HIT',
41 verbose headers   'x-cache-hits': '1',
41 verbose headers   'x-timer': 'S1461692591.789859,VS0,VE0',
41 verbose headers   vary: 'Accept-Encoding' }
42 silly get cb [ 304,
42 silly get   { date: 'Tue, 26 Apr 2016 17:43:11 GMT',
42 silly get     via: '1.1 varnish',
42 silly get     'cache-control': 'max-age=300',
42 silly get     etag: '"SPWVHCS4OFRQ05RPBB4QG098"',
42 silly get     age: '54',
42 silly get     connection: 'keep-alive',
42 silly get     'x-served-by': 'cache-sjc3124-SJC',
42 silly get     'x-cache': 'HIT',
42 silly get     'x-cache-hits': '1',
42 silly get     'x-timer': 'S1461692591.789859,VS0,VE0',
42 silly get     vary: 'Accept-Encoding' } ]
43 verbose etag https://registry.npmjs.org/angular-resource from cache
44 verbose get saving angular-resource to /Users/etorres/.npm/registry.npmjs.org/angular-resource/.cache.json
45 verbose correctMkdir /Users/etorres/.npm correctMkdir not in flight; initializing
46 silly addNameTag next cb for angular-resource with tag X.Y.Z
47 verbose stack Error: No compatible version found: angular-resource@'X.Y.Z'
47 verbose stack Valid install targets:
47 verbose stack ["0.0.1","0.0.2","0.1.0","0.1.1","1.3.0-rc.5","1.3.0","1.3.1","1.3.2","1.3.3","1.3.4-build.3587","1.2.27","1.3.4","1.3.5","1.3.6","1.3.7","1.2.28","1.3.8","1.4.0-beta.0","1.3.9","1.3.10","1.4.0-beta.1","1.4.0-beta.2","1.3.11","1.4.0-beta.3","1.3.12","1.3.13","1.4.0-beta.4","1.3.14","1.4.0-beta.5","1.4.0-beta.6","1.3.15","1.4.0-rc.0","1.4.0-rc.1","1.4.0-rc.2","1.4.0","1.3.16","1.4.1","1.4.2","1.3.17","1.4.3","1.4.4","1.3.18","1.4.5","1.3.19","1.4.6","1.5.0-beta.0","1.2.29","1.3.20","1.4.7","1.5.0-beta.2","1.4.8","1.5.0-rc.0","1.5.0-rc.1","1.4.9","1.5.0-rc.2","1.5.0","1.5.1","1.4.10","1.5.2","1.5.3","1.5.5"]
47 verbose stack
47 verbose stack     at installTargetsError (/usr/local/lib/node_modules/npm/lib/cache/add-named.js:284:12)
47 verbose stack     at next (/usr/local/lib/node_modules/npm/lib/cache/add-named.js:94:10)
47 verbose stack     at RES (/usr/local/lib/node_modules/npm/node_modules/inflight/inflight.js:23:14)
47 verbose stack     at f (/usr/local/lib/node_modules/npm/node_modules/once/once.js:17:25)
47 verbose stack     at fixName (/usr/local/lib/node_modules/npm/lib/cache/add-named.js:29:5)
47 verbose stack     at saved (/usr/local/lib/node_modules/npm/lib/cache/caching-client.js:173:7)
47 verbose stack     at /usr/local/lib/node_modules/npm/node_modules/graceful-fs/polyfills.js:210:7
47 verbose stack     at FSReqWrap.oncomplete (fs.js:82:15)
48 verbose cwd /Users/etorres/f1
49 error Darwin 15.4.0
50 error argv "/usr/local/bin/node" "/usr/local/bin/npm" "install" "angular-resource@X.Y.Z"
51 error node v4.4.2
52 error npm  v2.15.0
53 error code ETARGET
54 error notarget No compatible version found: angular-resource@'X.Y.Z'
54 error notarget Valid install targets:
54 error notarget ["0.0.1","0.0.2","0.1.0","0.1.1","1.3.0-rc.5","1.3.0","1.3.1","1.3.2","1.3.3","1.3.4-build.3587","1.2.27","1.3.4","1.3.5","1.3.6","1.3.7","1.2.28","1.3.8","1.4.0-beta.0","1.3.9","1.3.10","1.4.0-beta.1","1.4.0-beta.2","1.3.11","1.4.0-beta.3","1.3.12","1.3.13","1.4.0-beta.4","1.3.14","1.4.0-beta.5","1.4.0-beta.6","1.3.15","1.4.0-rc.0","1.4.0-rc.1","1.4.0-rc.2","1.4.0","1.3.16","1.4.1","1.4.2","1.3.17","1.4.3","1.4.4","1.3.18","1.4.5","1.3.19","1.4.6","1.5.0-beta.0","1.2.29","1.3.20","1.4.7","1.5.0-beta.2","1.4.8","1.5.0-rc.0","1.5.0-rc.1","1.4.9","1.5.0-rc.2","1.5.0","1.5.1","1.4.10","1.5.2","1.5.3","1.5.5"]
54 error notarget
54 error notarget This is most likely not a problem with npm itself.
54 error notarget In most cases you or one of your dependencies are requesting
54 error notarget a package version that doesn't exist.
54 error notarget
54 error notarget It was specified as a dependency of 'f1'
55 verbose exit [ 1, true ]
