0 info it worked if it ends with ok
1 verbose cli [ '/usr/local/bin/node',
1 verbose cli   '/usr/local/bin/npm',
1 verbose cli   'publish',
1 verbose cli   '/Users/etorres/plugin2' ]
2 info using npm@3.10.5
3 info using node@v4.4.7
4 verbose publish [ '/Users/etorres/plugin2' ]
5 silly cache add args [ '/Users/etorres/plugin2', null ]
6 verbose cache add spec /Users/etorres/plugin2
7 silly cache add parsed spec Result {
7 silly cache add   raw: '/Users/etorres/plugin2',
7 silly cache add   scope: null,
7 silly cache add   escapedName: null,
7 silly cache add   name: null,
7 silly cache add   rawSpec: '/Users/etorres/plugin2',
7 silly cache add   spec: '/Users/etorres/plugin2',
7 silly cache add   type: 'directory' }
8 verbose addLocalDirectory /Users/etorres/.npm/mercadopago-plugin/1.0.0/package.tgz not in flight; packing
9 verbose correctMkdir /Users/etorres/.npm correctMkdir not in flight; initializing
10 info lifecycle mercadopago-plugin@1.0.0~prepublish: mercadopago-plugin@1.0.0
11 silly lifecycle mercadopago-plugin@1.0.0~prepublish: no script for prepublish, continuing
12 verbose tar pack [ '/Users/etorres/.npm/mercadopago-plugin/1.0.0/package.tgz',
12 verbose tar pack   '/Users/etorres/plugin2' ]
13 verbose tarball /Users/etorres/.npm/mercadopago-plugin/1.0.0/package.tgz
14 verbose folder /Users/etorres/plugin2
15 verbose addLocalTarball adding from inside cache /Users/etorres/.npm/mercadopago-plugin/1.0.0/package.tgz
16 verbose correctMkdir /Users/etorres/.npm correctMkdir not in flight; initializing
17 silly cache afterAdd mercadopago-plugin@1.0.0
18 verbose afterAdd /Users/etorres/.npm/mercadopago-plugin/1.0.0/package/package.json not in flight; writing
19 verbose correctMkdir /Users/etorres/.npm correctMkdir not in flight; initializing
20 verbose afterAdd /Users/etorres/.npm/mercadopago-plugin/1.0.0/package/package.json written
21 silly publish { name: 'mercadopago-plugin',
21 silly publish   version: '1.0.0',
21 silly publish   description: 'This plugin allows to add MercadoPago to your application using MercadoPago Native library',
21 silly publish   cordova:
21 silly publish    { id: 'com.mercadopago.cordova.sdk',
21 silly publish      platforms: [ 'android', 'ios' ] },
21 silly publish   repository:
21 silly publish    { type: 'git',
21 silly publish      url: 'git+https://github.com/mercadopago/px-hybrid.git' },
21 silly publish   keywords: [ 'ecosystem:cordova', 'cordova-android', 'cordova-ios' ],
21 silly publish   engines: [ { name: 'cordova', version: '>=3.0.0' } ],
21 silly publish   author: { name: 'etorres' },
21 silly publish   license: 'MIT License, see LICENSE.md for details',
21 silly publish   bugs: { url: 'https://github.com/mercadopago/px-hybrid/issues' },
21 silly publish   homepage: 'https://github.com/mercadopago/px-hybrid#readme',
21 silly publish   readme: 'ERROR: No README data found!',
21 silly publish   _id: 'mercadopago-plugin@1.0.0',
21 silly publish   scripts: {},
21 silly publish   _shasum: '39230a8c8255d35d48df6c640d40f4ab0f8f1794',
21 silly publish   _from: '../plugin2',
21 silly publish   _resolved: 'file:../plugin2' }
22 verbose getPublishConfig undefined
23 silly mapToRegistry name mercadopago-plugin
24 silly mapToRegistry using default registry
25 silly mapToRegistry registry https://registry.npmjs.org/
26 silly mapToRegistry data Result {
26 silly mapToRegistry   raw: 'mercadopago-plugin',
26 silly mapToRegistry   scope: null,
26 silly mapToRegistry   escapedName: 'mercadopago-plugin',
26 silly mapToRegistry   name: 'mercadopago-plugin',
26 silly mapToRegistry   rawSpec: '',
26 silly mapToRegistry   spec: 'latest',
26 silly mapToRegistry   type: 'tag' }
27 silly mapToRegistry uri https://registry.npmjs.org/mercadopago-plugin
28 verbose publish registryBase https://registry.npmjs.org/
29 silly publish uploading /Users/etorres/.npm/mercadopago-plugin/1.0.0/package.tgz
30 verbose request uri https://registry.npmjs.org/mercadopago-plugin
31 verbose request sending authorization for write operation
32 info attempt registry request try #1 at 1:15:42 PM
33 verbose request using bearer token for auth
34 verbose request id e491052b85ba1233
35 http request PUT https://registry.npmjs.org/mercadopago-plugin
36 http 403 https://registry.npmjs.org/mercadopago-plugin
37 verbose headers { 'content-type': 'application/json',
37 verbose headers   'cache-control': 'max-age=300',
37 verbose headers   'content-length': '95',
37 verbose headers   'accept-ranges': 'bytes',
37 verbose headers   date: 'Tue, 04 Oct 2016 16:15:42 GMT',
37 verbose headers   via: '1.1 varnish',
37 verbose headers   connection: 'keep-alive',
37 verbose headers   'x-served-by': 'cache-iad2630-IAD',
37 verbose headers   'x-cache': 'MISS',
37 verbose headers   'x-cache-hits': '0',
37 verbose headers   'x-timer': 'S1475597731.454288,VS0,VE11449',
37 verbose headers   vary: 'Accept-Encoding' }
38 verbose request invalidating /Users/etorres/.npm/registry.npmjs.org/mercadopago-plugin on PUT
39 error publish Failed PUT 403
40 verbose stack Error: "You cannot publish over the previously published version 1.0.0." : mercadopago-plugin
40 verbose stack     at makeError (/usr/local/lib/node_modules/npm/node_modules/npm-registry-client/lib/request.js:264:12)
40 verbose stack     at CachingRegistryClient.<anonymous> (/usr/local/lib/node_modules/npm/node_modules/npm-registry-client/lib/request.js:252:14)
40 verbose stack     at Request._callback (/usr/local/lib/node_modules/npm/node_modules/npm-registry-client/lib/request.js:172:14)
40 verbose stack     at Request.self.callback (/usr/local/lib/node_modules/npm/node_modules/request/request.js:200:22)
40 verbose stack     at emitTwo (events.js:87:13)
40 verbose stack     at Request.emit (events.js:172:7)
40 verbose stack     at Request.<anonymous> (/usr/local/lib/node_modules/npm/node_modules/request/request.js:1067:10)
40 verbose stack     at emitOne (events.js:82:20)
40 verbose stack     at Request.emit (events.js:169:7)
40 verbose stack     at IncomingMessage.<anonymous> (/usr/local/lib/node_modules/npm/node_modules/request/request.js:988:12)
41 verbose statusCode 403
42 verbose pkgid mercadopago-plugin
43 verbose cwd /Users/etorres/px-hybrid
44 error Darwin 15.5.0
45 error argv "/usr/local/bin/node" "/usr/local/bin/npm" "publish" "/Users/etorres/plugin2"
46 error node v4.4.7
47 error npm  v3.10.5
48 error code E403
49 error "You cannot publish over the previously published version 1.0.0." : mercadopago-plugin
50 error If you need help, you may report this error at:
50 error     <https://github.com/npm/npm/issues>
51 verbose exit [ 1, true ]
